This is pdfTeX, Version 3.141592653-2.6-1.40.25 (TeX Live 2023/Debian) (preloaded format=pdflatex 2023.10.21)  21 OCT 2023 19:19
entering extended mode
 restricted \write18 enabled.
 file:line:error style messages enabled.
 %&-line parsing enabled.
**/home/romain/Projets/LaTex/resume/tex/EN/english_resume.tex
(/home/romain/Projets/LaTex/resume/tex/EN/english_resume.tex
LaTeX2e <2023-06-01>
L3 programming layer <2023-06-05>

! LaTeX Error: File `tex/format/awesome-cv.cls' not found.

Type X to quit or <RETURN> to proceed,
or enter new name. (Default extension: cls)

Enter file name: 
/home/romain/Projets/LaTex/resume/tex/EN/english_resume.tex:22: Emergency stop.
<read *> 
         
l.22 ^^M
        
*** (cannot \read from terminal in nonstop modes)

 
Here is how much of TeX's memory you used:
 22 strings out of 475735
 649 string characters out of 5784785
 1851759 words of memory out of 5000000
 20866 multiletter control sequences out of 15000+600000
 513387 words of font info for 34 fonts, out of 8000000 for 9000
 1141 hyphenation exceptions out of 8191
 19i,0n,29p,142b,17s stack positions out of 10000i,1000n,20000p,200000b,200000s
/home/romain/Projets/LaTex/resume/tex/EN/english_resume.tex:22:  ==> Fatal error occurred, no output PDF file produced!
